[00:00:24] [Server thread/INFO]: AaleXx issued server command: /time set 0
[00:00:24] [Server thread/INFO]: [AaleXx: Set the time to 0]
[00:10:44] [Server thread/INFO]: xXCoke3Xx issued server command: /time set 0
[00:10:44] [Server thread/INFO]: [xXCoke3Xx: Set the time to 0]
[00:16:17] [Server thread/INFO]: xXCoke3Xx lost connection: Disconnected
[00:16:17] [Server thread/INFO]: xXCoke3Xx left the game
[00:16:20] [User Authenticator #7/INFO]: UUID of player xXCoke3Xx is 943e9f8b-5dec-31ad-bdfa-50281c3a9093
[00:16:20] [Server thread/INFO]: xXCoke3Xx[/78.30.44.245:56720] logged in with entity id 21721 at ([world]-243.23161417659068, 91.0, 344.92798893108017)
[00:16:33] [Server thread/INFO]: xXCoke3Xx lost connection: Disconnected
[00:16:33] [Server thread/INFO]: xXCoke3Xx left the game
[00:17:36] [User Authenticator #8/INFO]: UUID of player xXCoke3Xx is 943e9f8b-5dec-31ad-bdfa-50281c3a9093
[00:17:36] [Server thread/INFO]: xXCoke3Xx[/78.30.44.245:56943] logged in with entity id 21861 at ([world]-243.23161417659068, 91.0, 344.92798893108017)
[00:18:54] [Server thread/INFO]: xXCoke3Xx issued server command: /gamemode creative xXCoke3Xx
[00:18:54] [Server thread/INFO]: [xXCoke3Xx: Set own game mode to Creative Mode]
[00:21:19] [Server thread/INFO]: AaleXx issued server command: /time set 0
[00:21:19] [Server thread/INFO]: [AaleXx: Set the time to 0]
[00:26:59] [Server thread/INFO]: xXCoke3Xx issued server command: /gamemode survival xXCoke3Xx
[00:26:59] [Server thread/INFO]: [xXCoke3Xx: Set own game mode to Survival Mode]
[00:43:29] [Server thread/INFO]: xXCoke3Xx issued server command: /fly
[00:44:35] [Server thread/INFO]: xXCoke3Xx issued server command: /gamemode creative xXCoke3Xx
[00:44:35] [Server thread/INFO]: [xXCoke3Xx: Set own game mode to Creative Mode]
[00:52:02] [Server thread/INFO]: AaleXx issued server command: /time set 0
[00:52:02] [Server thread/INFO]: [AaleXx: Set the time to 0]
[01:00:58] [Server thread/INFO]: AaleXx issued server command: /time set 0
[01:00:58] [Server thread/INFO]: [AaleXx: Set the time to 0]
[01:04:22] [Server thread/INFO]: AaleXx issued server command: /gamemode creative AaleXx
[01:04:22] [Server thread/INFO]: [AaleXx: Set own game mode to Creative Mode]
[01:09:27] [Server thread/INFO]: xXCoke3Xx issued server command: /gamemode s xX
[01:09:36] [Server thread/INFO]: xXCoke3Xx issued server command: /gamemode survival xXCoke3Xx
[01:09:36] [Server thread/INFO]: [xXCoke3Xx: Set own game mode to Survival Mode]
[01:10:41] [Server thread/INFO]: xXCoke3Xx issued server command: /gamemode creative xXCoke3Xx
[01:10:41] [Server thread/INFO]: [xXCoke3Xx: Set own game mode to Creative Mode]
[01:10:57] [Server thread/INFO]: AaleXx issued server command: /time set 0
[01:10:57] [Server thread/INFO]: [AaleXx: Set the time to 0]
[01:18:41] [Server thread/INFO]: AaleXx issued server command: /gamemode survival AaleXx
[01:18:41] [Server thread/INFO]: [AaleXx: Set own game mode to Survival Mode]
[01:22:13] [Server thread/INFO]: AaleXx issued server command: /time set 0
[01:22:13] [Server thread/INFO]: [AaleXx: Set the time to 0]
[01:33:37] [Server thread/INFO]: AaleXx issued server command: /time set 0
[01:33:37] [Server thread/INFO]: [AaleXx: Set the time to 0]
[01:43:33] [Server thread/INFO]: AaleXx issued server command: /time set 0
[01:43:33] [Server thread/INFO]: [AaleXx: Set the time to 0]
[01:54:26] [Server thread/INFO]: AaleXx issued server command: /time set 0
[01:54:26] [Server thread/INFO]: [AaleXx: Set the time to 0]
[01:55:42] [Server thread/INFO]: xXCoke3Xx lost connection: Disconnected
[01:55:42] [Server thread/INFO]: xXCoke3Xx left the game
[01:55:48] [Server thread/INFO]: AaleXx lost connection: Disconnected
[01:55:48] [Server thread/INFO]: AaleXx left the game
[01:56:02] [Server thread/INFO]: Stopping the server
[01:56:02] [Server thread/INFO]: Stopping server
[01:56:02] [Server thread/INFO]: [SkinsRestorer] Disabling SkinsRestorer v13.6.1
[01:56:02] [Server thread/INFO]: Saving players
[01:56:02] [Server thread/INFO]: Saving worlds
[01:56:02] [Server thread/INFO]: Saving chunks for level 'world_nether'/minecraft:the_nether
[01:56:02] [Server thread/INFO]: Saving chunks for level 'world'/minecraft:overworld
[01:56:02] [Server thread/INFO]: Saving chunks for level 'world_the_end'/minecraft:the_end
